<?xml version="1.0" encoding="UTF-8"?>
<!-- Generated by org.testng.reporters.JUnitReportReporter -->
<testsuite skipped="0" hostname="Lenovo" name="tcs.test.tes" tests="5" failures="0" timestamp="01 Nov 2022 16:18:16 GMT" time="0.201" errors="0">
  <testcase name="tc03" time="0.003" classname="tcs.test.tes"/>
  <testcase name="tc04" time="0.002" classname="tcs.test.tes"/>
  <testcase name="tc05" time="0.004" classname="tcs.test.tes"/>
  <testcase name="tc01" time="0.190" classname="tcs.test.tes"/>
  <testcase name="tc02" time="0.002" classname="tcs.test.tes"/>
</testsuite> <!-- tcs.test.tes -->
