<?xml version="1.0" encoding="UTF-8"?>
<!-- Generated by org.testng.reporters.JUnitReportReporter -->
<testsuite skipped="0" hostname="Lenovo" name="tcs.test.SuiteLevel" tests="1" failures="0" timestamp="01 Nov 2022 16:41:25 GMT" time="20.667" errors="0">
  <testcase name="tc01" time="20.667" classname="tcs.test.SuiteLevel"/>
</testsuite> <!-- tcs.test.SuiteLevel -->
