<?xml version="1.0" encoding="UTF-8"?>
<!-- Generated by org.testng.reporters.JUnitReportReporter -->
<testsuite skipped="0" hostname="Lenovo" name="tcs.test.Testing" tests="5" failures="0" timestamp="01 Nov 2022 16:18:16 GMT" time="0.064" errors="0">
  <testcase name="tc05" time="0.012" classname="tcs.test.Testing"/>
  <testcase name="tc02" time="0.006" classname="tcs.test.Testing"/>
  <testcase name="tc04" time="0.012" classname="tcs.test.Testing"/>
  <testcase name="tc01" time="0.011" classname="tcs.test.Testing"/>
  <testcase name="tc03" time="0.023" classname="tcs.test.Testing"/>
</testsuite> <!-- tcs.test.Testing -->
