<?xml version="1.0" encoding="UTF-8"?>
<!-- Generated by org.testng.reporters.JUnitReportReporter -->
<testsuite skipped="0" hostname="Lenovo" name="com.type.MTesting" tests="1" failures="0" timestamp="02 Nov 2022 03:33:42 GMT" time="3.096" errors="0">
  <testcase name="tc02" time="3.096" classname="com.type.MTesting"/>
</testsuite> <!-- com.type.MTesting -->
