<?xml version="1.0" encoding="UTF-8"?>
<!-- Generated by org.testng.reporters.JUnitReportReporter -->
<testsuite skipped="0" hostname="Lenovo" name="com.type.Parameterss" tests="4" failures="0" timestamp="29 Oct 2022 15:53:50 GMT" time="11.071" errors="0">
  <testcase name="tc02" time="1.475" classname="com.type.Parameterss"/>
  <testcase name="tc04" time="4.318" classname="com.type.Parameterss"/>
  <testcase name="tc03" time="2.898" classname="com.type.Parameterss"/>
  <testcase name="tc01" time="2.380" classname="com.type.Parameterss"/>
</testsuite> <!-- com.type.Parameterss -->
