<?xml version="1.0" encoding="UTF-8"?>
<!-- Generated by org.testng.reporters.JUnitReportReporter -->
<testsuite skipped="0" hostname="Lenovo" name="tcs.test.Dprovider" tests="3" failures="0" timestamp="01 Nov 2022 16:01:20 GMT" time="86.345" errors="0">
  <testcase name="tc01" time="37.434" classname="tcs.test.Dprovider"/>
  <testcase name="tc01" time="25.334" classname="tcs.test.Dprovider"/>
  <testcase name="tc01" time="23.577" classname="tcs.test.Dprovider"/>
</testsuite> <!-- tcs.test.Dprovider -->
