<?xml version="1.0" encoding="UTF-8"?>
<!-- Generated by org.testng.reporters.JUnitReportReporter -->
<testsuite skipped="0" hostname="Lenovo" name="tcs.test.Testing3" tests="3" failures="0" timestamp="01 Nov 2022 16:07:23 GMT" time="57.503" errors="0">
  <testcase name="tc01" time="16.852" classname="tcs.test.Testing3"/>
  <testcase name="tc01" time="17.712" classname="tcs.test.Testing3"/>
  <testcase name="tc01" time="22.939" classname="tcs.test.Testing3"/>
</testsuite> <!-- tcs.test.Testing3 -->
